# JRE version: Java(TM) SE Runtime Environment (8.0_92-b14) (build 1.8.0_92-b14)
# Java VM: Java HotSpot(TM) 64-Bit Server VM (25.92-b14 mixed mode windows-amd64 compressed oops)
Heap:
 PSYoungGen      total 147968K, used 39731K [0x00000000eab00000, 0x00000000f4a00000, 0x0000000100000000)
  eden space 133120K, 20% used [0x00000000eab00000,0x00000000ec512578,0x00000000f2d00000)
  from space 14848K, 87% used [0x00000000f3b80000,0x00000000f483aa20,0x00000000f4a00000)
  to   space 14848K, 0% used [0x00000000f2d00000,0x00000000f2d00000,0x00000000f3b80000)
 ParOldGen       total 87552K, used 33876K [0x00000000c0000000, 0x00000000c5580000, 0x00000000eab00000)
  object space 87552K, 38% used [0x00000000c0000000,0x00000000c21153a0,0x00000000c5580000)
 Metaspace       used 5729K, capacity 5876K, committed 6016K, reserved 1062912K
  class space    used 551K, capacity 616K, committed 640K, reserved 1048576K
GC Heap History (10 events):
Event: 2.125 GC heap before
{Heap before GC invocations=2 (full 0):
 PSYoungGen      total 38400K, used 38382K [0x00000000eab00000, 0x00000000ed580000, 0x0000000100000000)
  eden space 33280K, 100% used [0x00000000eab00000,0x00000000ecb80000,0x00000000ecb80000)
  from space 5120K, 99% used [0x00000000ecb80000,0x00000000ed07b8b0,0x00000000ed080000)
  to   space 5120K, 0% used [0x00000000ed080000,0x00000000ed080000,0x00000000ed580000)
 ParOldGen       total 87552K, used 6176K [0x00000000c0000000, 0x00000000c5580000, 0x00000000eab00000)
  object space 87552K, 7% used [0x00000000c0000000,0x00000000c0608280,0x00000000c5580000)
 Metaspace       used 5581K, capacity 5748K, committed 6016K, reserved 1062912K
  class space    used 548K, capacity 616K, committed 640K, reserved 1048576K
Event: 2.140 GC heap after
Heap after GC invocations=2 (full 0):
 PSYoungGen      total 38400K, used 5118K [0x00000000eab00000, 0x00000000ef600000, 0x0000000100000000)
  eden space 33280K, 0% used [0x00000000eab00000,0x00000000eab00000,0x00000000ecb80000)
  from space 5120K, 99% used [0x00000000ed080000,0x00000000ed57fb50,0x00000000ed580000)
  to   space 5120K, 0% used [0x00000000ecb80000,0x00000000ecb80000,0x00000000ed080000)
 ParOldGen       total 87552K, used 12731K [0x00000000c0000000, 0x00000000c5580000, 0x00000000eab00000)
  object space 87552K, 14% used [0x00000000c0000000,0x00000000c0c6ede8,0x00000000c5580000)
 Metaspace       used 5581K, capacity 5748K, committed 6016K, reserved 1062912K
  class space    used 548K, capacity 616K, committed 640K, reserved 1048576K
}
Event: 2.318 GC heap before
{Heap before GC invocations=3 (full 0):
 PSYoungGen      total 38400K, used 38398K [0x00000000eab00000, 0x00000000ef600000, 0x0000000100000000)
  eden space 33280K, 100% used [0x00000000eab00000,0x00000000ecb80000,0x00000000ecb80000)
  from space 5120K, 99% used [0x00000000ed080000,0x00000000ed57fb50,0x00000000ed580000)
  to   space 5120K, 0% used [0x00000000ecb80000,0x00000000ecb80000,0x00000000ed080000)
 ParOldGen       total 87552K, used 12731K [0x00000000c0000000, 0x00000000c5580000, 0x00000000eab00000)
  object space 87552K, 14% used [0x00000000c0000000,0x00000000c0c6ede8,0x00000000c5580000)
 Metaspace       used 5611K, capacity 5748K, committed 6016K, reserved 1062912K
  class space    used 550K, capacity 616K, committed 640K, reserved 1048576K
Event: 2.329 GC heap after
Heap after GC invocations=3 (full 0):
 PSYoungGen      total 38400K, used 5118K [0x00000000eab00000, 0x00000000ef600000, 0x0000000100000000)
  eden space 33280K, 0% used [0x00000000eab00000,0x00000000eab00000,0x00000000ecb80000)
  from space 5120K, 99% used [0x00000000ecb80000,0x00000000ed07fb50,0x00000000ed080000)
  to   space 5120K, 0% used [0x00000000ef100000,0x00000000ef100000,0x00000000ef600000)
 ParOldGen       total 87552K, used 21917K [0x00000000c0000000, 0x00000000c5580000, 0x00000000eab00000)
  object space 87552K, 25% used [0x00000000c0000000,0x00000000c1567458,0x00000000c5580000)
 Metaspace       used 5611K, capacity 5748K, committed 6016K, reserved 1062912K
  class space    used 550K, capacity 616K, committed 640K, reserved 1048576K
}
Event: 2.591 GC heap before
{Heap before GC invocations=4 (full 0):
 PSYoungGen      total 38400K, used 38398K [0x00000000eab00000, 0x00000000ef600000, 0x0000000100000000)
  eden space 33280K, 100% used [0x00000000eab00000,0x00000000ecb80000,0x00000000ecb80000)
  from space 5120K, 99% used [0x00000000ecb80000,0x00000000ed07fb50,0x00000000ed080000)
  to   space 5120K, 0% used [0x00000000ef100000,0x00000000ef100000,0x00000000ef600000)
 ParOldGen       total 87552K, used 21917K [0x00000000c0000000, 0x00000000c5580000, 0x00000000eab00000)
  object space 87552K, 25% used [0x00000000c0000000,0x00000000c1567458,0x00000000c5580000)
 Metaspace       used 5644K, capacity 5748K, committed 6016K, reserved 1062912K
  class space    used 550K, capacity 616K, committed 640K, reserved 1048576K
Event: 2.618 GC heap after
Heap after GC invocations=4 (full 0):
 PSYoungGen      total 71680K, used 5115K [0x00000000eab00000, 0x00000000ef600000, 0x0000000100000000)
  eden space 66560K, 0% used [0x00000000eab00000,0x00000000eab00000,0x00000000eec00000)
  from space 5120K, 99% used [0x00000000ef100000,0x00000000ef5fef60,0x00000000ef600000)
  to   space 5120K, 0% used [0x00000000eec00000,0x00000000eec00000,0x00000000ef100000)
 ParOldGen       total 87552K, used 26643K [0x00000000c0000000, 0x00000000c5580000, 0x00000000eab00000)
  object space 87552K, 30% used [0x00000000c0000000,0x00000000c1a04cb8,0x00000000c5580000)
 Metaspace       used 5644K, capacity 5748K, committed 6016K, reserved 1062912K
  class space    used 550K, capacity 616K, committed 640K, reserved 1048576K
}
Event: 3.021 GC heap before
{Heap before GC invocations=5 (full 0):
 PSYoungGen      total 71680K, used 71675K [0x00000000eab00000, 0x00000000ef600000, 0x0000000100000000)
  eden space 66560K, 100% used [0x00000000eab00000,0x00000000eec00000,0x00000000eec00000)
  from space 5120K, 99% used [0x00000000ef100000,0x00000000ef5fef60,0x00000000ef600000)
  to   space 5120K, 0% used [0x00000000eec00000,0x00000000eec00000,0x00000000ef100000)
 ParOldGen       total 87552K, used 26643K [0x00000000c0000000, 0x00000000c5580000, 0x00000000eab00000)
  object space 87552K, 30% used [0x00000000c0000000,0x00000000c1a04cb8,0x00000000c5580000)
 Metaspace       used 5674K, capacity 5812K, committed 6016K, reserved 1062912K
  class space    used 550K, capacity 616K, committed 640K, reserved 1048576K
Event: 3.037 GC heap after
Heap after GC invocations=5 (full 0):
 PSYoungGen      total 71680K, used 5114K [0x00000000eab00000, 0x00000000f4a00000, 0x0000000100000000)
  eden space 66560K, 0% used [0x00000000eab00000,0x00000000eab00000,0x00000000eec00000)
  from space 5120K, 99% used [0x00000000eec00000,0x00000000ef0fe880,0x00000000ef100000)
  to   space 14848K, 0% used [0x00000000f3b80000,0x00000000f3b80000,0x00000000f4a00000)
 ParOldGen       total 87552K, used 33876K [0x00000000c0000000, 0x00000000c5580000, 0x00000000eab00000)
  object space 87552K, 38% used [0x00000000c0000000,0x00000000c21153a0,0x00000000c5580000)
 Metaspace       used 5674K, capacity 5812K, committed 6016K, reserved 1062912K
  class space    used 550K, capacity 616K, committed 640K, reserved 1048576K
}
Event: 3.647 GC heap before
{Heap before GC invocations=6 (full 0):
 PSYoungGen      total 71680K, used 71674K [0x00000000eab00000, 0x00000000f4a00000, 0x0000000100000000)
  eden space 66560K, 100% used [0x00000000eab00000,0x00000000eec00000,0x00000000eec00000)
  from space 5120K, 99% used [0x00000000eec00000,0x00000000ef0fe880,0x00000000ef100000)
  to   space 14848K, 0% used [0x00000000f3b80000,0x00000000f3b80000,0x00000000f4a00000)
 ParOldGen       total 87552K, used 33876K [0x00000000c0000000, 0x00000000c5580000, 0x00000000eab00000)
  object space 87552K, 38% used [0x00000000c0000000,0x00000000c21153a0,0x00000000c5580000)
 Metaspace       used 5718K, capacity 5812K, committed 6016K, reserved 1062912K
  class space    used 551K, capacity 616K, committed 640K, reserved 1048576K
Event: 3.668 GC heap after
Heap after GC invocations=6 (full 0):
 PSYoungGen      total 147968K, used 13034K [0x00000000eab00000, 0x00000000f4a00000, 0x0000000100000000)
  eden space 133120K, 0% used [0x00000000eab00000,0x00000000eab00000,0x00000000f2d00000)
  from space 14848K, 87% used [0x00000000f3b80000,0x00000000f483aa20,0x00000000f4a00000)
  to   space 14848K, 0% used [0x00000000f2d00000,0x00000000f2d00000,0x00000000f3b80000)
 ParOldGen       total 87552K, used 33876K [0x00000000c0000000, 0x00000000c5580000, 0x00000000eab00000)
  object space 87552K, 38% used [0x00000000c0000000,0x00000000c21153a0,0x00000000c5580000)
 Metaspace       used 5718K, capacity 5812K, committed 6016K, reserved 1062912K
  class space    used 551K, capacity 616K, committed 640K, reserved 1048576K
}

